<?xml version="1.0" encoding="UTF-8"?>
<!-- Generated by org.testng.reporters.JUnitXMLReporter -->
<testsuite ignored="1" hostname="DESKTOP-3PMDTNC" failures="0" tests="1" name="Default test" time="60.239" errors="0" timestamp="2024-10-25T19:46:15 IST">
  <testcase classname="com.parabank.tests.RegistrationPageTest" name="registerTheCustomer" time="43.908"/>
  <testcase classname="com.parabank.tests.RegistrationPageTest" name="verifyTheTitleOfThePage" time="0.0">
    <ignored/>
  </testcase> <!-- verifyTheTitleOfThePage -->
</testsuite> <!-- Default test -->
