<?xml version="1.0" encoding="UTF-8"?>
<!-- Generated by org.testng.reporters.JUnitXMLReporter -->
<testsuite ignored="0" hostname="DESKTOP-3PMDTNC" failures="0" tests="3" name="Test" time="25.42" errors="0" timestamp="2024-10-23T16:07:52 IST">
  <testcase classname="com.parabank.tests.HomePage" name="VerifyTheLinks" time="9.996"/>
  <testcase classname="com.parabank.tests.HomePage" name="verifyWhetherURLisCorrect" time="0.014"/>
  <testcase classname="com.parabank.tests.RegistrationPageTest" name="testRegistration" time="0.49"/>
</testsuite> <!-- Test -->
